0 info it worked if it ends with ok
1 verbose cli [ '/home/ubuntu/.nvm/versions/node/v6.14.1/bin/node',
1 verbose cli   '/home/ubuntu/.nvm/versions/node/v6.14.1/bin/npm',
1 verbose cli   'run',
1 verbose cli   'start-dev' ]
2 info using npm@3.10.10
3 info using node@v6.14.1
4 verbose run-script [ 'prestart-dev', 'start-dev', 'poststart-dev' ]
5 info lifecycle surveyfy@1.0.0~prestart-dev: surveyfy@1.0.0
6 silly lifecycle surveyfy@1.0.0~prestart-dev: no script for prestart-dev, continuing
7 info lifecycle surveyfy@1.0.0~start-dev: surveyfy@1.0.0
8 verbose lifecycle surveyfy@1.0.0~start-dev: unsafe-perm in lifecycle true
9 verbose lifecycle surveyfy@1.0.0~start-dev: PATH: /home/ubuntu/.nvm/versions/node/v6.14.1/lib/node_modules/npm/bin/node-gyp-bin:/home/ubuntu/workspace/node_modules/.bin:/home/ubuntu/.nvm/versions/node/v6.14.1/bin:/usr/local/rvm/gems/ruby-2.4.0/bin:/usr/local/rvm/gems/ruby-2.4.0@global/bin:/usr/local/rvm/rubies/ruby-2.4.0/bin:/mnt/shared/bin:/home/ubuntu/workspace/node_modules/.bin:/home/ubuntu/bin:/usr/local/sbin:/usr/local/bin:/usr/sbin:/usr/bin:/sbin:/bin:/mnt/shared/sbin:/opt/gitl:/opt/go/bin:/mnt/shared/c9/app.nw/bin:/usr/local/rvm/bin
10 verbose lifecycle surveyfy@1.0.0~start-dev: CWD: /home/ubuntu/workspace
11 silly lifecycle surveyfy@1.0.0~start-dev: Args: [ '-c', 'nodemon ./app.js' ]
12 silly lifecycle surveyfy@1.0.0~start-dev: Returned: code: 130  signal: null
13 info lifecycle surveyfy@1.0.0~start-dev: Failed to exec start-dev script
14 verbose stack Error: surveyfy@1.0.0 start-dev: `nodemon ./app.js`
14 verbose stack Exit status 130
14 verbose stack     at EventEmitter.<anonymous> (/home/ubuntu/.nvm/versions/node/v6.14.1/lib/node_modules/npm/lib/utils/lifecycle.js:255:16)
14 verbose stack     at emitTwo (events.js:106:13)
14 verbose stack     at EventEmitter.emit (events.js:191:7)
14 verbose stack     at ChildProcess.<anonymous> (/home/ubuntu/.nvm/versions/node/v6.14.1/lib/node_modules/npm/lib/utils/spawn.js:40:14)
14 verbose stack     at emitTwo (events.js:106:13)
14 verbose stack     at ChildProcess.emit (events.js:191:7)
14 verbose stack     at maybeClose (internal/child_process.js:920:16)
14 verbose stack     at Process.ChildProcess._handle.onexit (internal/child_process.js:230:5)
15 verbose pkgid surveyfy@1.0.0
16 verbose cwd /home/ubuntu/workspace
17 error Linux 4.9.80-c9
18 error argv "/home/ubuntu/.nvm/versions/node/v6.14.1/bin/node" "/home/ubuntu/.nvm/versions/node/v6.14.1/bin/npm" "run" "start-dev"
19 error node v6.14.1
20 error npm  v3.10.10
21 error code ELIFECYCLE
22 error surveyfy@1.0.0 start-dev: `nodemon ./app.js`
22 error Exit status 130
23 error Failed at the surveyfy@1.0.0 start-dev script 'nodemon ./app.js'.
23 error Make sure you have the latest version of node.js and npm installed.
23 error If you do, this is most likely a problem with the surveyfy package,
23 error not with npm itself.
23 error Tell the author that this fails on your system:
23 error     nodemon ./app.js
23 error You can get information on how to open an issue for this project with:
23 error     npm bugs surveyfy
23 error Or if that isn't available, you can get their info via:
23 error     npm owner ls surveyfy
23 error There is likely additional logging output above.
24 verbose exit [ 1, true ]
